27-103,装備なし
27-104,レザーバンダナ
27-105,サリット
27-106,忍鉢金
27-107,アイアンマスク
27-108,リザードヘルム
27-109,ラプトルヘルム
27-110,頭成兜
27-111,王国従士制式冑
27-112,王国騎士制式冑
27-113,パッデッドキャップ
27-114,ブロンズキャップ
27-115,ボーンマスク
27-116,鉢巻
27-117,ウールハット
27-118,連邦軍師制式帽子
27-119,サークレット
27-120,ヘッドギア
27-121,ダークアーメット
27-122,レッドキャップ
27-123,グリーンベレー
27-124,鋼鉄銃士隊制式冑
27-125,百人隊長面具
27-126,ガビアルマスク
27-127,フェイスガード
28-0,ミスリルサリット
28-2,ブルーリボン
28-3,パープルリボン
28-4,グリーンリボン
28-5,ブラックリボン
28-6,スカーレットリボン
92-127,ファイターマスク(AF)
93-0,テンプルクラウン(AF)
93-1,ヒーラーキャップ(AF)
93-2,ウィザードペタソス(AF)
93-3,ワーロックシャポー(AF)
93-4,ローグボンネット(AF)
95-87,ガラントコロネット(AF)
95-88,カオスバーゴネット(AF)
95-89,ビーストヘルム(AF)
95-90,コラルラウンドリト(AF)
95-91,ハンターベレー(AF)
98-27,明珍桃形兜(AF)
98-28,乱波半首(AF)
98-29,ドラケンアーメット(AF)
98-30,エボカーホーン(AF)
157-57,メガスケフィエ(AF1)
160-91,コルセアトリコルヌ(AF1)
163-91,パペトリタージ(AF1)
119-93,クァールマスク
119-94,アダマンバルブータ
119-95,コーラルキャップ
119-96,ノーブルクラウン
119-97,チェラータ
119-98,羅漢陣鉢
119-99,ドラゴンマスク
123-117,羅刹陣鉢
123-118,クリムゾンマスク
123-119,アダマンチェラータ
123-120,オーガマスク
123-121,ケーニヒシャレル
125-36,ウォーベレー
125-78,パンプキンヘッド
125-79,浪士陣鉢
125-80,玄武兜
125-81,ヘカトンキャップ
125-82,エラントハット
128-99,タイガーマスク
128-100,ワイバーンヘルム
128-101,デーモンヘルム
128-102,修羅頭成兜
128-103,ゼニスクラウン
128-104,カラパスヘルム
128-105,ダスクマスク
128-106,ドラゴンキャップ
131-12,ウォリアーマスク(AF2)
131-13,メレークラウン(AF2)
131-14,クレリクキャップ(AF2)
131-15,ソーサラーペタソス(AF2)
131-16,デュエルシャポー(AF2)
131-17,アサシンボンネット(AF2)
131-18,ヴァラーコロネット(AF2)
131-19,アビスバーゴネット(AF2)
131-20,モンスターヘルム(AF2)
131-21,バードラウンドリト(AF2)
131-22,スカウトベレー(AF2)
131-23,早乙女桃形兜(AF2)
131-24,甲賀半首(AF2)
131-25,ウィルムアーメット(AF2)
131-26,サマナーホーン(AF2)
212-33,Mirage Keffiyeh (BLU AF2)
214-20,Commodore Tricorne (COR AF2)
212-34,Pantin Taj (PUP AF2)
217-110,Etoile Tiara (DNC AF2)
217-67,Argute Mortarboard (SCH AF2)
131-27,スコピオヘルム
131-28,オステアハット
136-81,パンサーマスク
136-82,オポオポ王の王冠
136-83,拡大眼鏡
136-84,防塵眼鏡
136-85,衛生帽子
136-86,遮光眼鏡
143-75,ガリシュクラウン
143-76,シアークラウン
143-77,？？？ベレー
143-78,ノクトベレー
145-79,？？？ティアラ
145-80,シェードティアラ
145-81,バイソンボンネット
145-82,シャイルターバン
146-35,バローネツッケット
146-74,イギラティアラ
148-8,アイゼンシャレル 
148-124,ロードアーメット
149-108,ドリームキャップ
150-18,八幡陣鉢
151-37,ワイズキャップ
153-8,ユニコンキャップ
153-45,トレダーシャポー
154-49,アルミナサラド
154-112,ブラックサリット
155-61,マートキャップ
155-62,マンドラゴラベレー
155-63,ガイドベレー
152-62,オークヘルム
152-63,ヤグードヘッドギア
152-51,ゴブリンコイフ
152-64,クゥダフバルバト
156-87,スターズキャップ
156-103,ローレルクラウン
157-75,ナシラターバン
158-10,ホマムツッケット
158-81,黒トレダー頭？
158-116,クロウベレー
153-86,ハイドラサラド 
160-56,ハイドラキャップ 
161-19,シパーヒターバン
161-21,ジャリダクード
161-20,アミールバグリー
165-28,ペルワンカランスワ
164-101,イギトターバン
170-98,ウィッチハット
174-29,アレスマスク
174-30,スカディバイザー
174-49,薄金総面
174-50,マルドゥクティアラ
174-51,モリガンコロナル
181-127,デナリボンネット
182-0,エッグヘルム
182-66,アスカルツッケット
182-67,ゴリアードシャポー
185-79,ヴァルハラヘルム
185-80,シャドウヘルム
185-81,シャドウハット
186-107,グローリークラウン
186-108,モーグリキャップ
186-109,ノマドキャップ
187-58,レッドアイズ
187-112,マムージャヘルム
187-113,ラミアガーランド
187-114,トロールコイフ
187-115,キキルンフード
164-100,ジャリダクード(灰)
28-1,ジャッジヘルム(GM)+
189-19,ダンサーティアラ
189-20,スカラーボード
196-109,???
197-84,フォースアーメット
199-43,Cobra Unit Cap
200-72,Cobra Unit Cloche
201-13,Iron Ram Sallet
196-109,Fourth Division Haube
197-84,Bastokan Armor
201-14,Sol Cap
201-15,Lunar Cap
209-125,Viking Helm
218-124,Eyepatch
220-1,Spelunker's Helm
223-60,Jester's Cap
224-38,Champion's Galea
224-56,Anwing Salade
224-39,Selenian Cap
225-35,Snow Bunny Hat
235-3,Ebon Celata
235-4,Furia Celata
235-5,Ebur Celata
235-6,Ebon Helm
235-7,Furia Helm
235-8,Ebur Helm
235-9,Ebon Galea
235-10,Furia Galea
235-11,Ebur Galea
235-12,Ebon Armet
235-13,Furia Armet
235-14,Ebur Armet
227-47,Ebon Mask
227-48,Furia Mask
227-49,Ebur Mask
227-50,Ebon Visor
227-51,Furia Visor
227-52,Ebur Visor
227-53,Shikkoku Hatsuburi
227-54,Shinku Hatsuburi
227-55,Ginhaku Hatsuburi
227-56,Ebon Headgear
229-98,Furia Headgear
229-99,Ebur Headgear
231-77,Ebon Tam
231-78,Furia Tam
231-79,Ebur Tam
231-80,Ebon Hat
231-81,Furia Hat
231-82,Ebur Hat
231-83,Ebon Caubeen
231-84,Furia Caubeen
231-85,Ebur Caubeen
231-86,Ebon Beret
231-87,Furia Beret
231-88,Ebur Beret
238-99,Chocobo Beret
238-106,Nocturnus Helm
239-39,Purple Chapeau
247-57,Hero's Galea
247-58,Tokon Hachimaki
220-62,Perle Salade
220-63,Teal Chapeau
220-64,Aurore Beret
240-66,Goetia Petasos (BLM AF3)
240-67,Creed Armet (PLD AF3)
243-115,Ravager's Mask (WAR AF3)
243-116,Estoqueur's Chappel (RDM AF3)
250-94,Tantra Crown (MNK AF3)
250-95,Raider's Bonnet (THF AF3)
250-96,Bale Burgeonet (DRK AF3)
250-97,Ferine Cabasset (BST AF3)
250-98,Aoidos' Calot (BRD AF3)
250-99,Unkai Kabuto (SAM AF3)
250-100,Iga Zukin (NIN AF3)
250-101,Lancer's Mezail (DRG AF3)
250-102,Mavi Kavuk (BLU AF3)
250-103,Navarch's Tricorne (COR AF3)
250-104,Cirque Capello (PUP AF3)
250-105,Savant's Bonnet (SCH AF3)
254-18,Orison Cap (WHM AF3)
254-74,Charis Tiara (DNC AF3)
255-11,Sylvan Gapette (RNG AF3)
255-12,Caller's Horn (SMN AF3)
261-66,Twilight Helm
262-115,Cuauhtli Headpiece
263-0,Hyksos Khat
263-9,Fazheluo Helm
263-119,Destrier Beret
264-21,Charity Cap
265-121,Ocelomeh Headpiece
265-122,Nefer Khat
265-123,Mekira-oto
268-13,Kheper Bonnet
268-14,Paean Mitra
270-63,Smilodon Mask
270-64,Gallian Helm
270-65,Brego Helm
270-66,Snowman Cap
271-27,Ogier's Helm
271-28,Athos's Chapeau
271-29,Rubeus Bandeau
271-30,Praeco Beret
277-27,Drachenhorn
277-28,Hyaline Hat
277-45,Auspex Coif
277-46,Hrafn Coronet
277-47,Tenryu Somen
282-6,Decennial Crown
282-32,Dux Visor
282-33,Chelona Hat
286-14,Moogle Masque
287-65,Ahriman Cap
286-85, Geomancer AF1
292-22, Rune Fencer AF1
290-31, Karieyh Morion
290-32, Thurandaut Chapeau
290-33, Orvail Corona
290-34, ???
292-23, Xux - Nahtirah Hat
292-24, Chocaliztli - Whirlpool
292-25, Quauhpilli - Yaoyotl
300-104, Mikinaak Helm
300-105, Manibozho Beret
300-106, Bokwus Circlet