1-107,魔法陣柱
1-109,魔法陣柱
1-118,絵
1-119,Gordeus
1-121,Alexander Spec Map
1-122,Alexander Spec Map
1-123,Aht Urhgan Bed
1-124,Strange Chest
2-5,ライファル
2-6,ナジャ
2-7,ラズファード
2-8,ゲッショー
2-9,ヒュム子供(ガン付)
2-10,からくり(通常)
2-11,からくり(通常)
2-12,からくりガルカ
2-13,コルセアエル♂
2-14,アフマウ(白)
2-15,アヴゼン
2-16,アフマウ(橙)
2-17,BGM変更ミスラ
2-18,海鳥エル♀
2-19,イカ男のひげ？
2-20,ルザフ
2-21,メネジン
2-22,ヒュム♀
2-23,海鳥人♂
2-24,ナジャ(冠)
2-25,鏡
2-26,鏡
2-27,鏡
2-53,Qiqirn
2-56,Beseiged Mamool
2-57,Beseiged Wivre
2-58,Naja Salaheem (Shades)
2-59,Broken Bow
2-60,Ovjang
2-61,Razfahd (Black)
2-63,Mnejing
2-64,Aphmau (White)
2-65,Arrow
2-68,汎用マトン
2-69,射撃マトン
2-70,白兵マトン
6-51,アトルガン旗
6-52,Chocobo Racing Sign
7-116,カエル
7-118,服付き羊(灰)
7-119,服付き羊(灰)
7-121,モルボル(橙)
7-124,マムージャ
7-125,マムージャ
7-126,マムージャ
8-20,マムージャ
8-21,マムージャ(青)
8-35,Gotoh Zha the Redolent
8-36,ラミア
8-37,ラミア
8-38,ラミア
8-39,ラミア
8-60,Experimental Lamia
8-61,メロウ
8-62,メロウ
8-63,メロウ
8-73,メロウ
8-74,メロウ
8-75,メロウ
8-76,トロール(鎧)
8-77,トロール(鎧)
8-78,トロール(鎧)
8-100,トロール(鎧)
8-101,トロール
8-102,トロール
8-115,トロール
8-116,コリブリ
8-117,Yalungur
8-120,アプカル
8-121,アプカル
8-122,インプ
8-123,インプ
8-124,Vanasarvik
9-18,骨(灰)
9-20,骨(灰)
9-22,骨(灰)
9-23,骨(灰)
9-24,骨(灰)
9-25,骨(灰)
9-27,骨(灰)
9-28,骨(灰)
9-29,骨(灰)
9-30,骨(灰)
9-31,骨(灰)
9-32,骨(灰)
9-33,骨(灰)
9-34,骨(灰)
9-35,骨(灰)
9-36,骨(灰)
9-37,骨(灰)
9-42,クトゥルブ
9-44,イカ爺(黒)
9-47,金色メカ
9-49,サイ(鞍)
9-52,トロール
9-55,サイ
9-65,ブラックプリン
9-66,イエロープリン
9-72,キマイラ(青)
9-77,ポロッゴ(緑)
9-79,ポロッゴ(赤)
9-84,扉
9-100,アレキサンダー
10-1,マムージャ(二面)
10-3,ラミア(蛇髪)
10-5,トロール(髭)
10-7,閂
10-8,閂
