38-30,装備なし
38-31,レザートラウザ
38-32,クウィス
38-33,ズボン
38-34,忍袴
38-35,チェーンホーズ
38-36,リザードトラウザ
38-37,ラプトルトラウザ
38-38,初期装備
38-39,佩楯
38-40,リネンズボン
38-41,ホワイトズボン
38-42,王国従士制式下衣
38-43,王国騎士制式下衣
38-44,アイアンサブリガ
38-45,ブロンズサブリガ
38-46,ボーンサブリガ
38-47,下ばき
38-48,ウールスロップス
38-49,連邦軍師制式下衣
38-50,スロップス
38-51,ブレー
38-52,ダーククウィス
38-53,ホーズ
38-54,バトルホーズ
38-55,鋼鉄銃士隊制式股当
38-56,百人隊長股当
38-57,ガビアルクウィス
38-58,スケイルクウィス
38-59,ミスリルクウィス
38-60,種族装備
93-94,ファイタークウィス(AF1)
93-95,テンプルホーズ(AF1)
93-96,ヒーラーパンタロン(AF1)
93-97,ウィザードトンバン(AF1)
93-98,ワーロックタイツ(AF1)
93-99,ローグキュロット(AF1)
96-24,ガラントブリーチズ(AF1)
96-25,カオスフランチャー(AF1)
96-26,ビーストトラウザ(AF1)
96-27,コラルキャニオンズ(AF1)
96-28,ハンターブラッカエ(AF1)
98-101,明珍板佩楯(AF1)
98-102,乱波袴(AF1)
98-103,ドラケンブレー(AF1)
98-104,エボカースパッツ(AF1)
163-26,メガスシャルワー(AF1)
160-111,コルセアトルーズ(AF1)
163-27,パペトリチュリダル(AF1)
119-14,タイガートラウザ
119-15,アイアンクウィス
120-78,スチールクウィス
120-79,クァールトラウザ
120-80,アダマンクウィス
120-81,コーラルサブリガ
120-82,ノーブルズボン
120-83,シックブリーチズ
120-84,羅漢筒袴
120-85,ドラゴンクウィス
124-54,羅刹筒袴
124-55,クリムゾンクウィス
124-56,アダマンブリーチズ
124-57,オーガトラウザ
124-58,ケーニヒディヒリン
125-49,ウォーブレー
126-57,夜叉筒袴
126-58,白虎佩楯
126-59,ヘカトンサブリガ
126-60,エラントスロップス
126-61,フィッシャホーズ
126-62,チョコボホーズ
126-63,バガボンドホーズ
129-51,フィールドホーズ
129-52,修羅板佩楯
129-53,ゼニスズボン
129-54,ダスクトラウザ
129-55,ドラゴンサブリガ
132-106,ウォリアークウィス(AF2)
132-107,メレーホーズ(AF2)
132-108,クレリクパンタロン(AF2)
132-109,ソーサラートンバン(AF2)
132-110,デュエルタイツ(AF2)
132-111,アサシンキュロット(AF2)
132-112,ヴァラーブリーチズ(AF2)
132-113,アビスフランチャー(AF2)
132-114,モンスタートラウザ(AF2)
132-115,バードキャニオンズ(AF2)
132-116,スカウトブラッカエ(AF2)
132-117,早乙女板佩楯(AF2)
132-118,甲賀袴(AF2)
132-119,ウィルムブレー(AF2)
132-120,サマナースパッツ(AF2)
132-121,オステアスロップス
144-35,？？？タイツ
144-36,シェードタイツ
144-37,ガリシュズボン
144-38,シアーズボン
144-39,？？？ブレー
144-40,ノクトブレー
145-111,バイソンケックス
145-112,シャイルサラウィル
146-48,バローネコッシャレ
146-87,イギララッパ
148-21,アイゼンディヒリン
149-22,ロードクウィス
149-126,星座サブリガ
149-119,ウィルサブリガ
150-47,八幡袴
150-48,ブレスドズボン
151-50,ワイズブラコーニ
153-21,ユニコンサブリガ
153-58,トレダースロップス
154-64,アルミナブレエット
154-125,ブラッククウィス
157-90,ナシラサラウィル
158-29,ホマムコッシャレ
158-94,黒トレダー脚？
159-1,クロウホーズ
153-111,ハイドラブレエット 
160-69,ハイドラホーズ
163-28,シパーヒゼレハ
162-59,ジャリダシャルバル
166-17,アミールディル
166-18,ペルワンサラウィル
166-19,イギトサラウィル
174-82,アレスフランチャー
174-83,スカディショウス
175-108,薄金膝甲
175-109,マルドゥクシャルワ
175-110,モリガンスロップス
182-15,デナリケックス
182-108,アスカルディル
182-109,ゴリアードトルーズ
185-98,シャドウクイシュ
186-4,シャドウトルーズ
165-99,？？？
157-27,エルヴボクサー
196-69,???
199-56,Cobra Unit Trousers
200-88,Cobra Unit Slops
197-74,Iron Ram Breeches
198-121,Fourth Division Breeches
198-120,Bastokan Armor
196-69,San d'Orian Armor
204-67,Magna Trunks
207-37,Hachiryu Haidate
214-95,Mirage Shalwar (BLU AF2)
214-96,Commodore Culotte (COR AF2)
214-97,Pantin Churidars (PUP AF2)
217-123,Etoile Tights (DNC AF2)
217-82,Argute Pants (SCH AF2)
219-68,Benedight Hose
225-19,Blizter Poleyn
225-20,Desultor Tassets
225-21,Tatsumaki Sitagoromo
236-31,Ebon Cuisses
236-32,Furia Cuisses
236-33,Ebur Cuisses
236-34,Ebon Breeches
236-35,Furia Breeches
236-36,Ebur Breeches
236-37,Ebon Brayettes
236-38,Furia Brayettes
236-39,Ebur Brayettes
236-40,Ebon Hose
236-41,Furia Hose
236-42,Ebur Hose
228-51,Ebon Brias
228-52,Furia Brias
228-53,Ebur Brias
228-54,Ebon Braccae
228-55,Furia Braccae
228-56,Ebur Braccae
228-57,Shikkoku Haidate
228-58,Shinku Haidate
228-59,Ginhaku Haidate
228-60,Ebon Tights
229-124,Furia Tights
229-125,Ebur Tights
232-105,Ebon Slacks
232-106,Furia Slacks
232-107,Ebur Slacks
232-108,Ebon Pants
232-109,Furia Pants
232-110,Ebur Pants
232-111,Ebon Spats
232-112,Furia Spats
232-113,Ebur Spats
232-114,Ebon Slops
232-115,Furia Slops
232-116,Ebur Slops
238-119,Dinner Hose
239-48,Purple Tights
248-8,Teutates Subligar
248-9,Torrent Subligar
248-10,Wicca Subligar
248-11,Augur's Brais
248-12,Ocelot Trousers
248-13,Perle Brayettes
248-14,Teal Slops
248-15,Aurore Brais
241-30,Goetia Chausses (BLM AF3)
241-31,Creed Cuisses (PLD AF3)
244-13,Ravager's Cuisses (WAR AF3)
244-14,Estoqueur's Fuseau (RDM AF3)
251-122,Tantra Hose (MNK AF3)
251-123,Raider's Culottes (THF AF3)
251-124,Bale Flanchard (DRK AF3)
251-125,Ferine Quijotes (BST AF3)
251-126,Aoidos' Rhingrave (BRD AF3)
251-127,Unkai Haidate (SAM AF3)
252-0,Iga Hakama (NIN AF3)
252-1,Lancer's Cuissots (DRG AF3)
252-2,Mavi Tayt (BLU AF3)
252-3,Navarch's Culottes (COR AF3)
252-4,Cirque Pantaloni (PUP AF3)
252-5,Savant's Pants (SCH AF3)
254-31,Orison Pantaloons (WHM AF3)
254-87,Charis Tights (DNC AF3)
256-43,Sylvan Brague (RNG AF3)
256-44,Caller's Spats (SMN AF3)
263-70,Novennial Hose
264-38,Calmecac Trousers
264-39,Calmecac Subligar
264-40,Jingang Hose
264-41,Menhit Slacks
270-82,Triplus Subligar
270-83,Dream Trousers
271-77,Ogier's Breeches
271-78,Athos's Tights
271-79,Rubeus Spats
271-80,Praeco Slacks
272-80,Tussle Breeches
277-103,Kheper Kecks
277-104,Paean Tights
277-105,Auspex Slops
277-106,Hrafn Hose
277-107,Tenryu Hakama
280-106,
280-107,
281-108,Woodsy Boxers
281-125,
282-14,Decennial Hose
282-58,Dux Cuisses
282-59,Chelona Trousers
157-46,-for Moogle Suit-
291-77, Geomancer AF1
292-51, Rune Fencer AF1
290-84, Karieyh Brayettes
290-85, Thurandaut Tights
290-86, ???
292-52, Xux - Nahtirah
301-15, Mikinaak Cuisses
301-16, Manibozho Brais
301-17, Bokwus Slops