32-79,装備なし
32-80,レザーバンダナ
32-81,サリット
32-82,忍鉢金
32-83,アイアンマスク
32-84,リザードヘルム
32-85,ラプトルヘルム
32-86,頭成兜
32-87,王国従士制式冑
32-88,王国騎士制式冑
32-89,パッデッドキャップ
32-90,ブロンズキャップ
32-91,ボーンマスク
32-92,鉢巻
32-93,ウールハット
32-94,連邦軍師制式帽子
32-95,サークレット
32-96,ヘッドギア
32-97,ダークアーメット
32-98,レッドキャップ
32-99,グリーンベレー
32-100,鋼鉄銃士隊制式冑
32-101,百人隊長面具
32-102,ガビアルマスク
32-103,フェイスガード
32-104,ミスリルサリット
32-106,ブルーリボン
32-107,パープルリボン
32-108,グリーンリボン
32-109,ブラックリボン
32-110,スカーレットリボン
93-35,ファイターマスク(AF1)
93-36,テンプルクラウン(AF1)
93-37,ヒーラーキャップ(AF1)
93-38,ウィザードペタソス(AF1)
93-39,ワーロックシャポー(AF1)
93-40,ローグボンネット(AF1)
95-112,ガラントコロネット(AF1)
95-113,カオスバーゴネット(AF1)
95-114,ビーストヘルム(AF1)
95-115,コラルラウンドリト(AF1)
95-116,ハンターベレー(AF1)
98-58,明珍桃形兜(AF1)
98-59,乱波半首(AF1)
98-60,ドラケンアーメット(AF1)
98-61,エボカーホーン(AF1)
162-51,メガスケフィエ(AF1)
160-96,コルセアトリコルヌ(AF1)
163-1,パペトリタージ(AF1)
120-10,クァールマスク
120-11,アダマンバルブータ
120-12,コーラルキャップ
120-13,ノーブルクラウン
120-14,チェラータ
120-15,羅漢陣鉢
120-16,ドラゴンマスク
124-14,羅刹陣鉢
124-15,クリムゾンマスク
124-16,アダマンチェラータ
124-17,オーガマスク
124-18,ケーニヒシャレル
125-41,ウォーベレー
125-121,パンプキンヘッド
125-122,浪士陣鉢
125-123,玄武兜
125-124,ヘカトンキャップ
125-125,エラントハット
129-1,タイガーマスク
129-2,ワイバーンヘルム
129-3,デーモンヘルム
129-4,修羅頭成兜
129-5,ゼニスクラウン
129-6,カラパスヘルム
129-7,ダスクマスク
129-8,ドラゴンキャップ
131-95,ウォリアーマスク(AF2)
131-96,メレークラウン(AF2)
131-97,クレリクキャップ(AF2)
131-98,ソーサラーペタソス(AF2)
131-99,デュエルシャポー(AF2)
131-100,アサシンボンネット(AF2)
131-101,ヴァラーコロネット(AF2)
131-102,アビスバーゴネット(AF2)
131-103,モンスターヘルム(AF2)
131-104,バードラウンドリト(AF2)
131-105,スカウトベレー(AF2)
131-106,早乙女桃形兜(AF2)
131-107,甲賀半首(AF2)
131-108,ウィルムアーメット(AF2)
131-109,サマナーホーン(AF2)
214-67,Mirage Keffiyeh (BLU AF2)
214-68,Commodore Tricorne (COR AF2)
214-69,Pantin Taj (PUP AF2)
217-115,Etoile Tiara (DNC AF2)
217-73,Argute Mortarboard (SCH AF2)
131-110,スコピオヘルム
131-111,オステアハット
137-0,パンサーマスク
137-1,オポオポ王の王冠
137-2,拡大眼鏡
137-3,防塵眼鏡
137-4,衛生帽子
137-5,遮光眼鏡
143-111,ガリシュクラウン
143-112,シークラウン
143-113,？？？ベレー
143-114,ノクトベレー
145-91,？？？ティアラ
145-92,シェードティアラ
145-93,バイソンボンネット
145-94,シャイルターバン
146-40,バローネツッケット
146-79,イギラティアラ
148-13,アイゼンシャレル
149-8,ロードアーメット
149-109,ドリームキャップ
150-30,八幡陣鉢
151-42,ワイズキャップ
153-13,ユニコンキャップ
153-50,トレダーシャポー
154-55,アルミナサラド
154-117,ブラックサリット
155-64,マートキャップ
155-65,マンドラゴラベレー
155-66,ガイドベレー
152-65,オークヘルム
152-66,ヤグードヘッドギア
152-52,ゴブリンコイフ
152-67,クゥダフバルバト
156-88,スターズキャップ
156-104,ローレルクラウン
157-81,ナシラターバン
158-18,ホマムツッケット
158-86,黒トレダー頭？
158-121,クロウベレー
153-97,ハイドラムフル 
160-61,ハイドラキャップ
163-2,シパーヒターバン
163-3,ジャリダクード
165-120,アミールバグリー
165-121,ペルワンカランスワ
165-122,イギトターバン
170-102,ウィッチハット
174-66,アレスマスク
174-67,スカディバイザー
175-84,薄金総面
175-85,マルドゥクティアラ
175-86,モリガンコロナル
182-5,デナリボンネット
182-6,エッグヘルム
182-76,アスカルツッケット
182-77,ゴリアードシャポー
185-122,ヴァルハラヘルム
185-90,シャドウヘルム
185-123,シャドウハット
186-110,グローリークラウン
186-111,モーグリキャップ
186-112,ノマドキャップ
187-59,レッドアイズ
187-116,マムージャヘルム
187-117,ラミアガーランド
187-118,トロールコイフ
187-119,キキルンフード
131-112,リラコサージュ
32-105,ジャッジヘルム(GM)
189-29,ダンサーティアラ
189-30,スカラーボード
196-112,???
197-85,???
199-48,Cobra Unit Cap
200-79,Cobra Unit Cloche
201-20,Iron Ram Sallet
196-112,Fourth Division Haube
197-85,Bastokan Armor
201-21,Sol cap
201-22,Lunar cap
210-11,Viking Helm
219-62,Eyepatch
220-2,Spelunker's Helm
223-61,Jester's Cap
224-40,Champion's Galea
224-57,Anwing Salade
224-41,Selenian Cap
225-46,Snow Bunny Hat
235-63,Ebon Celata
235-64,Furia Celata
235-65,Ebur Celata
235-66,Ebon Helm
235-67,Furia Helm
235-68,Ebur Helm
235-69,Ebon Galea
235-70,Furia Galea
235-71,Ebur Galea
235-72,Ebon Armet
235-73,Furia Armet
235-74,Ebur Armet
227-98,Ebon Mask
227-99,Furia Mask
227-100,Ebur Mask
227-101,Ebon Visor
227-102,Furia Visor
227-103,Ebur Visor
227-104,Shikkoku Hatsuburi
227-105,Shinku Hatsuburi
227-106,Ginhaku Hatsuburi
227-107,Ebon Headgear
229-108,Furia Headgear
229-109,Ebur Headgear
232-9,Ebon Tam
232-10,Furia Tam
232-11,Ebur Tam
232-12,Ebon Hat
232-13,Furia Hat
232-14,Ebur Hat
232-15,Ebon Caubeen
232-16,Furia Caubeen
232-17,Ebur Caubeen
232-18,Ebon Beret
232-19,Furia Beret
232-20,Ebur Beret
238-100,Chocobo Beret
238-111,Nocturnus Helm
247-78,Hero's Galea
247-79,Tokon Hachimaki
247-80,Perle Salade
247-81,Teal Chapeau
247-82,Aurore Beret
241-14,Goetia Petasos (BLM AF3)
241-15,Creed Armet (PLD AF3)
243-125,Ravager's Mask (WAR AF3)
243-126,Estoqueur's Chappel (RDM AF3)
251-26,Tantra Crown (MNK AF3)
251-27,Raider's Bonnet (THF AF3)
251-28,Bale Burgeonet (DRK AF3)
251-29,Ferine Cabasset (BST AF3)
251-30,Aoidos' Calot (BRD AF3)
251-31,Unkai Kabuto (SAM AF3)
251-32,Iga Zukin (NIN AF3)
251-33,Lancer's Mezail (DRG AF3)
251-34,Mavi Kavuk (BLU AF3)
251-35,Navarch's Tricorne (COR AF3)
251-36,Cirque Capello (PUP AF3)
251-37,Savant's Bonnet (SCH AF3)
254-23,Orison Cap (WHM AF3)
254-79,Charis Tiara (DNC AF3)
256-27,Sylvan Gapette (RNG AF3)
256-28,Caller's Horn (SMN AF3)
261-70,Twilight Helm
263-11,Cuauhtli Headpiece
263-12,Fazheluo Helm
263-57,Hyksos Khat
263-122,Destrier Beret
264-29,Charity Cap
266-0,Ocelomeh Headpiece
266-1,Nefer Khat
266-2,Mekira-oto
270-70,Smilodon Mask
270-71,Gallian Helm
270-72,Brego Helm
270-73,Snowman Cap
271-46,Ogier's Helm
271-47,Athos's Chapeau
271-48,Rubeus Bandeau
271-49,Praeco Beret
277-29,Drachenhorn
277-30,Hyaline Hat
277-61,Kheper Bonnet
277-62,Paean Mitra
277-63,Auspex Coif
277-64,Hrafn Coronet
277-65,Tenryu Somen
282-9,Decennial Tiara
282-42,Dux Visor
282-43,Chelona Hat
286-20,Moogle Masque
287-66,Ahriman Cap
286-90, Geomancer AF1
292-33, Rune Fencer AF1
290-51, Karieyh Morion
290-52, Thurandaut Chapeau
290-53, Orvail Corona
290-54, ???
292-34, Xux - Nahtirah Hat
292-35, Chocaliztli - Whirlpool
292-36, Quauhpilli - Yaoyotl
300-119, Mikinaak Helm
300-120, Manibozho Beret
300-121, Bokwus Circlet