28-84,装備なし
28-85,レザートラウザ
28-86,クウィス
28-87,ズボン
28-88,忍袴
28-89,チェーンホーズ
28-90,リザードトラウザ
28-91,ラプトルトラウザ
28-92,初期装備
28-93,佩楯
28-94,リネンズボン
28-95,ホワイトズボン
28-96,王国従士制式下衣
28-97,王国騎士制式下衣
28-98,アイアンサブリガ
28-99,ブロンズサブリガ
28-100,ボーンサブリガ
28-101,下ばき
28-102,ウールスロップス
28-103,連邦軍師制式下衣
28-104,スロップス
28-105,ブレー
28-106,ダーククウィス
28-107,ホーズ
28-108,バトルホーズ
28-109,鋼鉄銃士隊制式股当
28-110,百人隊長股当
28-111,ガビアルクウィス
28-112,スケイルクウィス
28-113,ミスリルクウィス
28-115,種族装備
93-22,ファイタークウィス(AF1)
93-23,テンプルホーズ(AF1)
93-24,ヒーラーパンタロン(AF1)
93-25,ウィザードトンバン(AF1)
93-26,ワーロックタイツ(AF1)
93-27,ローグキュロット(AF1)
95-102,ガラントブリーチズ(AF1)
95-103,カオスフランチャー(AF1)
95-104,ビーストトラウザ(AF1)
95-105,コラルキャニオンズ(AF1)
95-106,ハンターブラッカエ(AF1)
98-39,明珍板佩楯(AF1)
98-40,乱波袴(AF1)
98-41,ドラケンブレー(AF1)
98-42,エボカースパッツ(AF1)
157-60,メガスシャルワー(AF1)
160-94,コルセアトルーズ(AF1)
163-94,パペトリチュリダル(AF1)
118-126,タイガートラウザ
118-127,アイアンクウィス
119-116,スチールクウィス
119-117,クァールトラウザ
119-118,アダマンクウィス
119-119,コーラルサブリガ
119-120,ノーブルズボン
119-121,シックブリーチズ
119-122,羅漢筒袴
119-123,ドラゴンクウィス
124-4,羅刹筒袴
124-5,クリムゾンクウィス
124-6,アダマンブリーチズ
124-7,オーガトラウザ
124-8,ケーニヒディヒリン
125-39,ウォーブレー
125-98,夜叉筒袴
125-99,白虎佩楯
125-100,ヘカトンサブリガ
125-101,エラントスロップス
125-102,フィッシャホーズ
125-103,チョコボホーズ
125-104,バガボンドホーズ
128-119,フィールドホーズ
128-120,修羅板佩楯
128-121,ゼニスズボン
128-122,ダスクトラウザ
128-123,ドラゴンサブリガ
131-63,ウォリアークウィス(AF2)
131-64,メレーホーズ(AF2)
131-65,クレリクパンタロン(AF2)
131-66,ソーサラートンバン(AF2)
131-67,デュエルタイツ(AF2)
131-68,アサシンキュロット(AF2)
131-69,ヴァラーブリーチズ(AF2)
131-70,アビスフランチャー(AF2)
131-71,モンスタートラウザ(AF2)
131-72,バードキャニオンズ(AF2)
131-73,スカウトブラッカエ(AF2)
131-74,早乙女板佩楯(AF2)
131-75,甲賀袴(AF2)
131-76,ウィルムブレー(AF2)
131-77,サマナースパッツ(AF2)
212-40,Mirage Shalwar (BLU AF2)
214-23,Commodore Culotte (COR AF2)
212-41,Pantin Churidars (PUP AF2)
217-113,Etoile Tights (DNC AF2)
217-70,Argute Pants (SCH AF2)
131-78,オステアスロップス
143-91,？？？タイツ
143-92,シェードタイツ
143-93,ガリシュズボン
143-94,シアーズボン
143-95,？？？ブレー
143-96,ノクトブレー
145-87,バイソンケックス
145-88,シャイルサラウィル
146-38,バローネコッシャレ
146-77,イギララッパ
148-11,アイゼンディヒリン
148-126,ロードクウィス
149-124,星座サブリガ
149-117,ウィルサブリガ
150-23,八幡袴
150-24,ブレスドズボン
151-40,ワイズブラコーニ
153-11,ユニコンサブリガ
153-48,トレダースロップス
154-52,アルミナブレエット
154-115,ブラッククウィス
157-78,ナシラサラウィル
158-13,ホマムコッシャレ
158-84,黒トレダー脚？
158-119,クロウホーズ
153-89,ハイドラブレエット 
160-59,ハイドラホーズ
161-28,シパーヒゼレハ
161-30,ジャリダシャルバル
161-29,アミールディル
165-31,ペルワンサラウィル
164-107,イギトサラウィル
174-35,アレスフランチャー
174-36,スカディショウス
174-58,薄金膝甲
174-59,マルドゥクシャルワ
174-60,モリガンスロップス
182-3,デナリケックス
182-72,アスカルディル
182-73,ゴリアードトルーズ
185-86,シャドウクイシュ
185-87,シャドウトルーズ
164-106,ジャリダシャルバル(灰)
157-21,ヒュームボクサー
28-114,ジャッジクウィス(GM)
189-25,ダンサータイツ
189-26,スカラーパンツ
196-65,フォースクウィス
199-46,Cobra Unit Trousers
200-75,Cobra Unit Slops
201-18,Iron Ram Breeches
198-109,Fourth Division Breeches
196-65,Bastokan Armor
204-63,Custom Trunks
207-29,Hachiryu Haidate
218-126,Benedight Hose
225-13,Blizter Poleyn
225-14,Desultor Tassets
225-15,Tatsumaki Sitagoromo
235-39,Ebon Cuisses
235-40,Furia Cuisses
235-41,Ebur Cuisses
235-42,Ebon Breeches
235-43,Furia Breeches
235-44,Ebur Breeches
235-45,Ebon Brayettes
235-46,Furia Brayettes
235-47,Ebur Brayettes
235-48,Ebon Hose
235-49,Furia Hose
235-50,Ebur Hose
227-77,Ebon Brias
227-78,Furia Brias
227-79,Ebur Brias
227-80,Ebon Braccae
227-81,Furia Braccae
227-82,Ebur Braccae
227-83,Shikkoku Haidate
227-84,Shinku Haidate
227-85,Ginhaku Haidate
227-86,Ebon Tights
229-104,Furia Tights
229-105,Ebur Tights
231-113,Ebon Slacks
231-114,Furia Slacks
231-115,Ebur Slacks
231-116,Ebon Pants
231-117,Furia Pants
231-118,Ebur Pants
231-119,Ebon Spats
231-120,Furia Spats
231-121,Ebur Spats
231-122,Ebon Slops
231-123,Furia Slops
231-124,Ebur Slops
238-109,Dinner Hose
239-42,Purple Tights
247-70,Teutates Subligar
247-71,Torrent Subligar
247-72,Wicca Subligar
247-73,Augur's Brais
247-74,Ocelot Trousers
220-72,Perle Brayettes
220-73,Teal Slops
220-74,Aurore Brais
240-72,Goetia Chausses (BLM AF3)
240-73,Creed Cuisses (PLD AF3)
243-121,Ravager's Cuisses (WAR AF3)
243-122,Estoqueur's Fuseau (RDM AF3)
251-2,Tantra Hose (MNK AF3)
251-3,Raider's Culottes (THF AF3)
251-4,Bale Flanchard (DRK AF3)
251-5,Ferine Quijotes (BST AF3)
251-6,Aoidos' Rhingrave (BRD AF3)
251-7,Unkai Haidate (SAM AF3)
251-8,Iga Hakama (NIN AF3)
251-9,Lancer's Cuissots (DRG AF3)
251-10,Mavi Tayt (BLU AF3)
251-11,Navarch's Culottes (COR AF3)
251-12,Cirque Pantaloni (PUP AF3)
251-13,Savant's Pants (SCH AF3)
254-21,Orison Pantaloons (WHM AF3)
254-77,Charis Tights (DNC AF3)
255-17,Sylvan Brague (RNG AF3)
255-18,Caller's Spats (SMN AF3)
263-53,Novennial Hose
264-22,Calmecac Trousers
264-23,Calmecac Subligar
264-24,Jingang Hose
264-25,Menhit Slacks
268-19,Kheper Kecks
268-20,Paean Tights
270-68,Triplus Subligar
270-69,Dream Trousers
271-39,Ogier's Breeches
271-40,Athos's Tights
271-41,Rubeus Spats
271-42,Praeco Slacks
272-78,Tussle Breeches
277-55,Auspex Slops
277-56,Hrafn Hose
277-57,Tenryu Hakama
280-88,
280-89,
281-102,Marine Boxers
281-123,
282-8,Decennial Hose
282-38,Dux Cuisses
282-39,Chelona Trousers
157-43,-for Moogle Suit-
286-88, Geomancer AF1
292-29, Rune Fencer AF1
290-44, Karieyh Brayettes
290-45, Thurandaut Tights
290-46, ???
292-30, Xux - Nahtirah
300-113, Mikinaak Cuisses
300-114, Manibozho Brais
300-115, Bokwus Slops
